2015-10-02T18:20:07.127 Fine: LOCALHOST DOKuStarClusterNode 16208 DOKuStar.Diagnostics.Tracing 1 [[Command line: "D:\Program Files (x86)\Open Text\Invoice Capture Center 7.0\DOKuStarClusterNode.exe" -service=DOKuStar.Runtime.RuntimeProcessorModule -assembly=DOKuStar.Runtime.Server.dll -url=tcp://LOCALHOST:23000/DOKuStar.Cluster.Agent -guid=6e4e2f42-be69-49a8-9e56-cf2961b522c5 -instance=1
Main module file version: 3.6.52.7
Machine name: LOCALHOST
Current directory: D:\Program Files (x86)\Open Text\Invoice Capture Center 7.0
OS version: Microsoft Windows NT 6.0.6002 Service Pack 2
User domain name: LINDE
User name: srde0255
CLR version: 2.0.50727.4253
]]
2015-10-02T18:20:07.252 Fine: LOCALHOST DOKuStarClusterNode 16208 DOKuStar.Cluster.ClusterNode 1 [[TCP channel registered]]
2015-10-02T18:34:01.321 Error: LOCALHOST DOKuStarClusterNode 16208 DOKuStar.SnapMatch.Engine.Implementation.ContentProvider 1 [[No fulltext is available in file DOKuStarExtraction result-xml document. Please enable the project setting 'Create Page Data' in your proceeding DOKuStar Extraction project.]]
2015-10-02T18:34:01.743 Error: LOCALHOST DOKuStarClusterNode 16208 DOKuStar.SnapMatch.Engine.Implementation.ContentProvider 1 [[No fulltext is available in file DOKuStarExtraction result-xml document. Please enable the project setting 'Create Page Data' in your proceeding DOKuStar Extraction project.]]
2015-10-02T18:34:02.336 Error: LOCALHOST DOKuStarClusterNode 16208 DOKuStar.SnapMatch.Engine.Implementation.ContentProvider 1 [[No fulltext is available in file DOKuStarExtraction result-xml document. Please enable the project setting 'Create Page Data' in your proceeding DOKuStar Extraction project.]]
2015-10-02T18:34:02.508 Error: LOCALHOST DOKuStarClusterNode 16208 DOKuStar.SnapMatch.Engine.Implementation.ContentProvider 1 [[No fulltext is available in file DOKuStarExtraction result-xml document. Please enable the project setting 'Create Page Data' in your proceeding DOKuStar Extraction project.]]
2015-10-02T18:34:00.196 Warning: LOCALHOST DOKuStarClusterNode 16208 DOKuStar.Modules.Art.TransformerEngine 1 [[Attention: no textsegments found in file file:///d:/temp/dokustar professional/3.0/cache/jobclass3_recognition/7b453a47-7f7b-4df3-8176-c202a55ad821/010000686952_00003.xml
][Level: 1
Message: Attention: no textsegments found in file file:///d:/temp/dokustar professional/3.0/cache/jobclass3_recognition/7b453a47-7f7b-4df3-8176-c202a55ad821/010000686952_00003.xml

Source: 
Line: 0
Method: 
Category: DOKuStar.Art.Kernel.dll]]
2015-10-02T18:37:57.691 Warning: LOCALHOST DOKuStarClusterNode 16208 DOKuStar.Modules.Art.TransformerEngine 1 [[Attention: no textsegments found in file file:///d:/temp/dokustar professional/3.0/cache/jobclass3_recognition/c46817ce-73a1-46e3-b713-212d4cbe6b35/010000687016_00001.xml
][Level: 1
Message: Attention: no textsegments found in file file:///d:/temp/dokustar professional/3.0/cache/jobclass3_recognition/c46817ce-73a1-46e3-b713-212d4cbe6b35/010000687016_00001.xml

Source: 
Line: 0
Method: 
Category: DOKuStar.Art.Kernel.dll]]
2015-10-02T18:34:02.508 Info: LOCALHOST DOKuStarClusterNode 16208 DOKuStar.SnapMatch.Engine.Implementation.ContentProvider 1 [[No fulltext is available in file DOKuStarExtraction result-xml document. Please enable the project setting 'Create Page Data' in your proceeding DOKuStar Extraction project.]]
